SF:lib/providers/game_provider.dart
DA:31,2
DA:32,2
DA:33,4
DA:34,4
DA:35,4
DA:36,4
DA:37,4
DA:38,4
DA:39,2
DA:40,4
DA:41,4
DA:44,2
DA:49,2
DA:50,2
DA:51,2
DA:52,2
DA:53,2
DA:54,2
DA:55,2
DA:56,2
DA:57,2
DA:58,2
DA:60,2
DA:61,2
DA:65,0
DA:66,0
DA:67,0
DA:71,0
DA:72,0
DA:73,0
DA:77,2
DA:78,2
DA:79,2
DA:80,2
DA:81,2
DA:82,2
DA:86,2
DA:88,4
DA:89,2
DA:90,2
DA:94,2
DA:95,0
DA:105,4
DA:106,2
DA:107,2
DA:110,0
DA:118,0
DA:119,0
DA:120,0
DA:125,2
DA:126,6
DA:128,2
DA:129,2
DA:133,2
DA:134,6
DA:136,8
DA:139,4
DA:140,2
DA:143,2
DA:144,5
DA:145,2
DA:146,1
DA:147,1
DA:152,1
DA:155,2
DA:156,0
DA:157,0
DA:158,0
DA:162,1
DA:163,2
DA:164,0
DA:165,0
DA:166,0
DA:172,2
DA:176,1
DA:177,4
DA:181,2
DA:182,2
DA:185,2
DA:186,1
DA:190,1
DA:193,0
DA:195,0
DA:196,0
LF:84
LH:64
end_of_record
SF:lib/utils/math_problem_generator.dart
DA:12,9
DA:15,3
DA:20,3
DA:21,3
DA:22,1
DA:23,1
DA:24,1
DA:25,1
DA:26,1
DA:27,1
DA:32,1
DA:37,1
DA:38,2
DA:39,2
DA:45,3
DA:49,3
DA:51,9
DA:52,12
DA:54,1
DA:56,3
DA:57,3
DA:59,1
DA:61,2
DA:62,0
DA:63,0
DA:65,3
DA:66,3
DA:71,3
DA:75,3
DA:77,3
DA:82,1
DA:86,1
DA:88,3
DA:89,3
DA:91,1
DA:93,3
DA:94,3
DA:96,1
DA:102,1
DA:104,2
DA:105,3
DA:106,3
DA:108,0
DA:109,0
DA:114,1
DA:118,1
DA:120,1
DA:125,1
DA:131,1
DA:133,3
DA:134,3
DA:136,1
DA:138,2
DA:139,0
DA:140,0
DA:142,3
DA:143,3
DA:146,1
DA:148,3
DA:149,3
DA:153,1
DA:157,1
DA:159,1
DA:164,1
DA:168,1
DA:170,3
DA:171,3
DA:172,1
DA:174,1
DA:176,3
DA:177,3
DA:178,1
DA:180,1
DA:182,3
DA:183,3
DA:184,1
DA:188,1
DA:192,1
DA:194,1
DA:199,1
DA:203,4
DA:204,1
DA:208,1
DA:212,1
DA:213,2
DA:214,2
LF:86
LH:80
end_of_record
SF:lib/utils/constants.dart
DA:4,0
LF:1
LH:0
end_of_record
SF:lib/models/math_problem.dart
DA:10,5
DA:20,10
DA:23,2
DA:24,4
DA:27,2
DA:28,4
DA:29,4
DA:30,4
DA:31,4
DA:32,4
DA:33,4
DA:34,4
DA:35,4
DA:39,4
DA:40,4
DA:41,4
DA:42,2
DA:47,4
DA:48,0
DA:49,0
DA:50,0
DA:53,0
DA:54,0
DA:55,0
DA:61,4
DA:62,0
DA:63,0
DA:68,2
DA:73,1
DA:74,1
DA:75,1
DA:76,1
DA:77,1
DA:78,1
DA:79,1
DA:80,1
DA:85,1
DA:86,1
DA:87,1
DA:88,1
DA:89,1
DA:90,1
DA:91,1
DA:92,1
DA:96,0
DA:98,0
LF:46
LH:36
end_of_record
SF:lib/models/game_result.dart
DA:13,1
DA:26,1
DA:27,1
DA:28,1
DA:29,1
DA:30,1
DA:31,1
DA:32,1
DA:33,1
DA:34,1
DA:35,2
DA:36,2
DA:41,1
DA:42,1
DA:43,1
DA:44,1
DA:45,1
DA:46,1
DA:47,1
DA:48,1
DA:49,1
DA:50,2
DA:51,2
DA:56,1
DA:57,2
DA:58,4
LF:26
LH:26
end_of_record
SF:lib/models/player.dart
DA:8,1
DA:16,1
DA:17,1
DA:18,1
DA:19,1
DA:20,2
DA:21,2
DA:26,1
DA:27,1
DA:28,1
DA:29,1
DA:30,2
DA:31,2
DA:36,1
DA:42,1
DA:43,1
DA:44,0
DA:45,1
DA:46,0
LF:19
LH:17
end_of_record
SF:lib/main.dart
DA:7,0
DA:8,0
DA:13,3
DA:15,1
DA:17,1
DA:18,2
DA:19,1
DA:21,1
DA:22,1
LF:9
LH:7
end_of_record
SF:lib/screens/home_screen.dart
DA:9,3
DA:11,1
DA:13,1
DA:14,1
DA:16,3
DA:18,1
DA:20,1
DA:22,1
DA:25,1
DA:27,3
DA:31,1
DA:33,3
DA:38,1
DA:39,0
DA:44,1
DA:45,0
DA:52,1
DA:53,0
DA:65,0
DA:66,0
DA:68,0
DA:70,0
DA:72,0
DA:73,0
DA:77,0
DA:78,0
DA:79,0
DA:82,0
DA:86,0
DA:87,0
DA:88,0
DA:98,0
DA:99,0
DA:101,0
DA:103,0
DA:105,0
DA:106,0
DA:109,0
DA:110,0
DA:111,0
DA:114,0
DA:117,0
DA:118,0
DA:119,0
DA:126,0
DA:129,0
DA:130,0
DA:131,0
DA:138,0
DA:141,0
DA:142,0
DA:143,0
DA:153,0
DA:158,0
DA:160,0
DA:162,0
DA:164,0
DA:165,0
DA:169,0
DA:170,0
DA:171,0
DA:174,0
DA:178,0
DA:179,0
DA:180,0
DA:183,0
DA:187,0
DA:188,0
DA:189,0
DA:199,0
DA:205,0
DA:206,0
DA:207,0
LF:73
LH:15
end_of_record
SF:lib/utils/theme.dart
DA:7,0
DA:10,1
DA:11,1
DA:16,1
DA:20,1
DA:21,1
DA:22,1
DA:23,1
DA:31,1
DA:32,1
DA:33,1
DA:34,1
DA:46,1
DA:47,1
DA:52,1
DA:56,1
DA:57,1
DA:58,1
DA:59,1
DA:67,1
DA:68,1
DA:69,1
DA:70,1
LF:23
LH:22
end_of_record
SF:lib/screens/game_play_screen.dart
DA:17,1
DA:24,1
DA:25,1
DA:31,1
DA:33,1
DA:36,3
DA:37,2
DA:38,1
DA:39,1
DA:40,2
DA:41,2
DA:42,2
DA:46,3
DA:47,1
DA:53,1
DA:55,2
DA:56,1
DA:60,1
DA:61,2
DA:62,0
DA:63,0
DA:68,1
DA:70,1
DA:71,1
DA:73,3
DA:74,1
DA:76,0
DA:79,1
DA:80,1
DA:82,1
DA:83,1
DA:84,1
DA:87,1
DA:88,1
DA:89,1
DA:90,1
DA:92,1
DA:93,1
DA:94,1
DA:95,1
DA:96,1
DA:102,1
DA:103,1
DA:104,1
DA:105,1
DA:107,0
DA:108,0
DA:110,0
DA:112,0
DA:120,1
DA:121,0
DA:123,0
DA:124,0
DA:126,0
DA:136,1
DA:137,1
DA:138,1
DA:140,1
DA:142,1
DA:143,1
DA:146,4
DA:149,1
DA:151,4
DA:155,1
DA:156,2
DA:157,4
DA:161,1
DA:162,2
DA:163,4
DA:167,1
DA:168,0
DA:178,0
DA:179,0
DA:180,0
DA:181,0
DA:184,0
DA:185,0
DA:186,0
DA:189,0
DA:190,0
DA:191,0
DA:192,0
LF:82
LH:59
end_of_record
SF:lib/widgets/game_header.dart
DA:12,1
DA:20,1
DA:22,1
DA:24,1
DA:25,3
DA:26,1
DA:28,1
DA:29,1
DA:31,1
DA:32,1
DA:36,2
DA:37,3
DA:42,1
DA:43,1
DA:47,2
DA:48,3
DA:53,2
DA:54,1
DA:55,1
DA:59,2
DA:60,2
DA:61,0
DA:62,3
DA:71,1
DA:78,1
DA:79,1
DA:80,1
DA:82,1
DA:84,4
DA:89,4
LF:30
LH:29
end_of_record
SF:lib/widgets/problem_display.dart
DA:13,1
DA:22,1
DA:23,1
DA:33,1
DA:35,1
DA:37,2
DA:42,3
DA:43,2
DA:46,2
DA:47,1
DA:48,1
DA:49,1
DA:55,0
DA:57,0
DA:60,0
DA:61,0
DA:65,0
DA:66,0
DA:67,0
DA:68,0
DA:74,1
DA:75,2
DA:76,4
DA:78,0
DA:82,1
DA:84,2
DA:85,1
DA:88,1
DA:90,2
DA:95,3
DA:96,1
DA:99,1
DA:101,1
DA:103,1
DA:105,1
DA:106,1
DA:107,1
DA:108,1
DA:109,2
DA:110,1
DA:112,1
DA:113,2
DA:114,1
DA:117,1
DA:118,3
DA:122,1
DA:123,3
DA:124,4
DA:137,4
DA:138,1
DA:139,1
DA:141,1
DA:142,1
DA:143,4
DA:145,4
DA:150,1
DA:151,1
DA:152,4
DA:154,4
DA:159,0
DA:169,1
DA:170,4
DA:171,4
DA:172,2
DA:185,0
DA:186,0
DA:190,0
DA:193,3
DA:194,3
DA:198,1
DA:200,1
DA:201,0
DA:202,1
DA:204,1
DA:205,1
DA:208,1
DA:209,1
DA:210,4
LF:78
LH:64
end_of_record
SF:lib/widgets/correct_answer_overlay.dart
DA:9,0
DA:16,0
DA:18,0
DA:20,0
DA:21,0
DA:22,0
DA:23,0
DA:25,0
DA:26,0
DA:27,0
DA:30,0
DA:32,0
DA:38,0
DA:40,0
DA:41,0
DA:42,0
DA:45,0
DA:60,0
DA:62,0
DA:64,0
DA:65,0
DA:66,0
DA:67,0
DA:70,0
DA:71,0
DA:73,0
DA:76,0
LF:27
LH:0
end_of_record
